---START OF LOGGING---
User entered program
User entered matrix correct
User performed QR decomposition
User exited to main menu
User exited program
---END OF LOGGING---

---START OF LOGGING---
User entered program
User entered matrix correct
User performed QR decomposition
User entered matrix correct
User performed LU decomposition
User exited to main menu
User exited program
---END OF LOGGING---

---START OF LOGGING---
User entered program
User entered matrix correct
User performed QR decomposition

---START OF LOGGING---
User entered program
User entered matrix correct
User performed QR decomposition

---START OF LOGGING---

---START OF LOGGING---

---START OF LOGGING---

---START OF LOGGING---
User exited program
---END OF LOGGING---

---START OF LOGGING---
User exited program
---END OF LOGGING---

---START OF LOGGING---
User entered program
User entered matrix correct
User performed LU decomposition
User exited to main menu
User exited program
---END OF LOGGING---

---START OF LOGGING---
User entered program
User entered matrix correct
User performed LU decomposition
User entered matrix correct
User performed QR decomposition
User exited to main menu
User exited program
---END OF LOGGING---

---START OF LOGGING---

---START OF LOGGING---
User entered program
User entered matrix correct
User performed LU decomposition
User entered matrix correct
User performed QR decomposition
User exited to main menu
User exited program
---END OF LOGGING---

---START OF LOGGING---
User entered program
User entered matrix correct
User performed LU decomposition
User entered matrix correct
User performed QR decomposition
User exited to main menu
User exited program
---END OF LOGGING---
